<?xml version="1.0" encoding="UTF-8"?>
<testsuite name="Wall_Test" tests="3" skipped="0" failures="0" errors="0" timestamp="2023-06-15T06:35:53" hostname="WPLKM250542-F0V" time="0.023">
  <properties/>
  <testcase name="FindBlockByColor_Test()" classname="Wall_Test" time="0.017"/>
  <testcase name="FindBlocksByMaterial_Test()" classname="Wall_Test" time="0.003"/>
  <testcase name="Count_Test()" classname="Wall_Test" time="0.002"/>
  <system-out><![CDATA[]]></system-out>
  <system-err><![CDATA[]]></system-err>
</testsuite>
